#
# There is insufficient memory for the Java Runtime Environment to continue.
# Native memory allocation (mmap) failed to map 65536 bytes. Error detail: Failed to commit metaspace.
# Possible reasons:
#   The system is out of physical RAM or swap space
#   This process is running with CompressedOops enabled, and the Java Heap may be blocking the growth of the native heap
# Possible solutions:
#   Reduce memory load on the system
#   Increase physical memory or swap space
#   Check if swap backing store is full
#   Decrease Java heap size (-Xmx/-Xms)
#   Decrease number of Java threads
#   Decrease Java thread stack sizes (-Xss)
#   Set larger code cache with -XX:ReservedCodeCacheSize=
#   JVM is running with Unscaled Compressed Oops mode in which the Java heap is
#     placed in the first 4GB address space. The Java Heap base address is the
#     maximum limit for the native heap growth. Please use -XX:HeapBaseMinAddress
#     to set the Java Heap base and to place the Java Heap above 4GB virtual address.
# This output file may be truncated or incomplete.
#
#  Out of Memory Error (virtualSpaceNode.cpp:113), pid=14496, tid=9520
#
# JRE version: Java(TM) SE Runtime Environment (23.0.1+11) (build 23.0.1+11-39)
# Java VM: Java HotSpot(TM) 64-Bit Server VM (23.0.1+11-39, mixed mode, sharing, tiered, compressed oops, compressed class ptrs, g1 gc, windows-amd64)
# No core dump will be written. Minidumps are not enabled by default on client versions of Windows
#

---------------  S U M M A R Y ------------

Command Line: -javaagent:C:\Program Files\JetBrains\IntelliJ IDEA Community Edition 2025.2.1\lib\idea_rt.jar=53272 -Dfile.encoding=UTF-8 -Dsun.stdout.encoding=UTF-8 -Dsun.stderr.encoding=UTF-8 com.aws.rds.RdsApplication

Host: Intel(R) Core(TM) i5-5200U CPU @ 2.20GHz, 4 cores, 7G,  Windows 10 , 64 bit Build 19041 (10.0.19041.5915)
Time: Sun Jun  7 16:21:51 2026 Hora oficial do Brasil elapsed time: 1.203900 seconds (0d 0h 0m 1s)

---------------  T H R E A D  ---------------

Current thread (0x000001737affda60):  JavaThread "main"             [_thread_in_vm, id=9520, stack(0x0000004368100000,0x0000004368200000) (1024K)]

Stack: [0x0000004368100000,0x0000004368200000]
Native frames: (J=compiled Java code, j=interpreted, Vv=VM code, C=native code)
V  [jvm.dll+0x6e08b9]  (no source info available)
V  [jvm.dll+0x87dc83]  (no source info available)
V  [jvm.dll+0x88010e]  (no source info available)
V  [jvm.dll+0x8807e3]  (no source info available)
V  [jvm.dll+0x27aee6]  (no source info available)
V  [jvm.dll+0x87988e]  (no source info available)
V  [jvm.dll+0x682035]  (no source info available)
V  [jvm.dll+0x1e09dc]  (no source info available)
V  [jvm.dll+0x1e07ae]  (no source info available)
V  [jvm.dll+0x684988]  (no source info available)
V  [jvm.dll+0x2219dc]  (no source info available)
V  [jvm.dll+0x682a4e]  (no source info available)
V  [jvm.dll+0x26509f]  (no source info available)
V  [jvm.dll+0x68cde4]  (no source info available)
V  [jvm.dll+0x281980]  (no source info available)
V  [jvm.dll+0x282f50]  (no source info available)
V  [jvm.dll+0x20a9a7]  (no source info available)
V  [jvm.dll+0x20a02d]  (no source info available)
V  [jvm.dll+0x5be709]  (no source info available)
V  [jvm.dll+0x7f3ad6]  (no source info available)
V  [jvm.dll+0x475cf6]  (no source info available)
V  [jvm.dll+0x47bb98]  (no source info available)
C  [java.dll+0x17d4]  (no source info available)
C  0x000001730fbad207  (no source info available)

The last pc belongs to native method entry point (kind = native) (printed below).
Java frames: (J=compiled Java code, j=interpreted, Vv=VM code)
j  java.lang.ClassLoader.defineClass1(Ljava/lang/ClassLoader;Ljava/lang/String;[BIILjava/security/ProtectionDomain;Ljava/lang/String;)Ljava/lang/Class;+0 java.base@23.0.1
j  java.lang.ClassLoader.defineClass(Ljava/lang/String;[BIILjava/security/ProtectionDomain;)Ljava/lang/Class;+27 java.base@23.0.1
j  java.security.SecureClassLoader.defineClass(Ljava/lang/String;[BIILjava/security/CodeSource;)Ljava/lang/Class;+12 java.base@23.0.1
j  jdk.internal.loader.BuiltinClassLoader.defineClass(Ljava/lang/String;Ljdk/internal/loader/Resource;)Ljava/lang/Class;+117 java.base@23.0.1
j  jdk.internal.loader.BuiltinClassLoader.findClassOnClassPathOrNull(Ljava/lang/String;)Ljava/lang/Class;+37 java.base@23.0.1
j  jdk.internal.loader.BuiltinClassLoader.loadClassOrNull(Ljava/lang/String;Z)Ljava/lang/Class;+111 java.base@23.0.1
j  jdk.internal.loader.BuiltinClassLoader.loadClass(Ljava/lang/String;Z)Ljava/lang/Class;+3 java.base@23.0.1
j  jdk.internal.loader.ClassLoaders$AppClassLoader.loadClass(Ljava/lang/String;Z)Ljava/lang/Class;+36 java.base@23.0.1
j  java.lang.ClassLoader.loadClass(Ljava/lang/String;)Ljava/lang/Class;+3 java.base@23.0.1
v  ~StubRoutines::call_stub 0x000001730fba0fcd
j  java.lang.Class.forName0(Ljava/lang/String;ZLjava/lang/ClassLoader;Ljava/lang/Class;)Ljava/lang/Class;+0 java.base@23.0.1
j  java.lang.Class.forName(Ljava/lang/String;ZLjava/lang/ClassLoader;Ljava/lang/Class;)Ljava/lang/Class;+37 java.base@23.0.1
j  java.lang.Class.forName(Ljava/lang/String;ZLjava/lang/ClassLoader;)Ljava/lang/Class;+20 java.base@23.0.1
j  org.apache.commons.logging.LogAdapter.isPresent(Ljava/lang/String;)Z+7
j  org.apache.commons.logging.LogAdapter.<clinit>()V+2
v  ~StubRoutines::call_stub 0x000001730fba0fcd
j  org.apache.commons.logging.LogFactoryService.getInstance(Ljava/lang/String;)Lorg/apache/commons/logging/Log;+1
j  org.apache.commons.logging.LogFactoryService.getInstance(Ljava/lang/Class;)Lorg/apache/commons/logging/Log;+5
j  org.apache.commons.logging.LogFactory.getLog(Ljava/lang/Class;)Lorg/apache/commons/logging/Log;+4
j  org.springframework.boot.SpringApplication.<clinit>()V+2
v  ~StubRoutines::call_stub 0x000001730fba0fcd
j  com.aws.rds.RdsApplication.main([Ljava/lang/String;)V+3
v  ~StubRoutines::call_stub 0x000001730fba0fcd
Lock stack of current Java thread (top to bottom):
LockStack[0]: java.lang.Object 
{0x0000000088a204f0} - klass: 'java/lang/Object'
 - ---- fields (total size 2 words):

native method entry point (kind = native)  [0x000001730fbacde0, 0x000001730fbad938]  2904 bytes
[MachCode]
  0x000001730fbacde0: 488b 4b08 | 0fb7 492e | 584c 8d74 | ccf8 6800 | 0000 0068 | 0000 0000 | 5055 488b | ec41 5568 
  0x000001730fbace00: 0000 0000 | 4c8b 6b08 | 4d8d 6d38 | 5348 8b53 | 0848 8b52 | 0848 8b52 | 1848 8b52 | 7048 8b12 
  0x000001730fbace20: 5248 8b53 | 1048 85d2 | 0f84 0700 | 0000 4881 | c210 0100 | 0052 488b | 5308 488b | 5208 488b 
  0x000001730fbace40: 5210 5249 | 8bc6 482b | c548 c1e8 | 0350 6800 | 0000 0068 | f7ff ffff | 41c6 8771 | 0400 0001 
  0x000001730fbace60: 488b 4310 | 4885 c074 | 208b 88cc | 0000 0083 | c102 8988 | cc00 0000 | 2388 e000 | 0000 0f84 
  0x000001730fbace80: 000a 0000 | e9cf 0000 | 0048 8b43 | 1848 85c0 | 0f85 b000 | 0000 e805 | 0000 00e9 | 9900 0000 
  0x000001730fbacea0: 488b d348 | 8d44 2408 | 4c89 6dc0 | 498b cfc5 | f877 4989 | afb0 0300 | 0049 8987 | a003 0000 
  0x000001730fbacec0: 4883 ec20 | 40f6 c40f | 0f84 1900 | 0000 4883 | ec08 48b8 | 9026 57c5 | fb7f 0000 | ffd0 4883 
  0x000001730fbacee0: c408 e90c | 0000 0048 | b890 2657 | c5fb 7f00 | 00ff d048 | 83c4 2049 | c787 a003 | 0000 0000 
  0x000001730fbacf00: 0000 49c7 | 87b0 0300 | 0000 0000 | 0049 c787 | a803 0000 | 0000 0000 | c5f8 7749 | 837f 0800 
  0x000001730fbacf20: 0f84 0500 | 0000 e995 | 3fff ff4c | 8b6d c04c | 8b75 c84e | 8d74 f500 | c348 8b43 | 1848 85c0 
  0x000001730fbacf40: 0f84 1200 | 0000 8b48 | 0883 c102 | 8948 0823 | 481c 0f84 | 2c09 0000 | 493b a7e8 | 0400 000f 
  0x000001730fbacf60: 8748 0000 | 0089 8424 | 00f0 ffff | 8984 2400 | e0ff ff89 | 8424 00d0 | ffff 8984 | 2400 c0ff 
  0x000001730fbacf80: ff89 8424 | 00b0 ffff | 8984 2400 | a0ff ff89 | 8424 0090 | ffff 8984 | 2400 80ff | ff49 3ba7 
  0x000001730fbacfa0: e004 0000 | 7607 4989 | a7e8 0400 | 0041 c687 | 7104 0000 | 0049 ba41 | adde c5fb | 7f00 0041 
  0x000001730fbacfc0: 803a 000f | 843e 0000 | 0048 8b55 | e849 8bcf | 4883 ec20 | 40f6 c40f | 0f84 1900 | 0000 4883 
  0x000001730fbacfe0: ec08 48b8 | 10ee 8ec5 | fb7f 0000 | ffd0 4883 | c408 e90c | 0000 0048 | b810 ee8e | c5fb 7f00 
  0x000001730fbad000: 00ff d048 | 83c4 2048 | 8b5d e84c | 8b5b 0845 | 0fb7 5b2e | 41c1 e303 | 492b e348 | 83ec 2048 
  0x000001730fbad020: 83e4 f04c | 8b5b 604d | 85db 0f85 | ab00 0000 | e805 0000 | 00e9 9900 | 0000 488b | d348 8d44 
  0x000001730fbad040: 2408 4c89 | 6dc0 498b | cfc5 f877 | 4989 afb0 | 0300 0049 | 8987 a003 | 0000 4883 | ec20 40f6 
  0x000001730fbad060: c40f 0f84 | 1900 0000 | 4883 ec08 | 48b8 f04d | 57c5 fb7f | 0000 ffd0 | 4883 c408 | e90c 0000 
  0x000001730fbad080: 0048 b8f0 | 4d57 c5fb | 7f00 00ff | d048 83c4 | 2049 c787 | a003 0000 | 0000 0000 | 49c7 87b0 
  0x000001730fbad0a0: 0300 0000 | 0000 0049 | c787 a803 | 0000 0000 | 0000 c5f8 | 7749 837f | 0800 0f84 | 0500 0000 
  0x000001730fbad0c0: e9fb 3dff | ff4c 8b6d | c04c 8b75 | c84e 8d74 | f500 c348 | 8b5d e84c | 8b5b 6041 | ffd3 488b 
  0x000001730fbad0e0: 5de8 4889 | 4518 448b | 5b28 41f6 | c308 0f84 | 1b00 0000 | 4c8b 5b08 | 4d8b 5b08 | 4d8b 5b18 
  0x000001730fbad100: 4d8b 5b70 | 4d8b 1b4c | 895d 1048 | 8d55 1048 | 8b43 5849 | ba60 3c8f | c5fb 7f00 | 0049 3bc2 
  0x000001730fbad120: 0f85 ab00 | 0000 e805 | 0000 00e9 | 9900 0000 | 488b d348 | 8d44 2408 | 4c89 6dc0 | 498b cfc5 
  0x000001730fbad140: f877 4989 | afb0 0300 | 0049 8987 | a003 0000 | 4883 ec20 | 40f6 c40f | 0f84 1900 | 0000 4883 
  0x000001730fbad160: ec08 48b8 | f04d 57c5 | fb7f 0000 | ffd0 4883 | c408 e90c | 0000 0048 | b8f0 4d57 | c5fb 7f00 
  0x000001730fbad180: 00ff d048 | 83c4 2049 | c787 a003 | 0000 0000 | 0000 49c7 | 87b0 0300 | 0000 0000 | 0049 c787 
  0x000001730fbad1a0: a803 0000 | 0000 0000 | c5f8 7749 | 837f 0800 | 0f84 0500 | 0000 e905 | 3dff ff4c | 8b6d c04c 
  0x000001730fbad1c0: 8b75 c84e | 8d74 f500 | c348 8b5d | e848 8b43 | 5849 8d8f | c003 0000 | c5f8 7749 | 89af b003 
  0x000001730fbad1e0: 0000 49ba | d8d1 ba0f | 7301 0000 | 4d89 97a8 | 0300 0049 | 89a7 a003 | 0000 41c7 | 8744 0400 
  0x000001730fbad200: 0004 0000 | 00ff d0c5 | f877 4883 | ec10 c5fb | 1104 2448 | 83ec 1048 | 8904 2448 | c744 2408 
  0x000001730fbad220: 0000 0000 | 41c7 8744 | 0400 0005 | 0000 00f0 | 8344 24c0 | 0049 3baf | 4804 0000 | 0f87 0e00 
  0x000001730fbad240: 0000 4183 | bf40 0400 | 0000 0f84 | 2000 0000 | 498b cf4c | 8be4 4883 | ec20 4883 | e4f0 48b8 
  0x000001730fbad260: 90a9 58c5 | fb7f 0000 | ffd0 498b | e44d 33e4 | 41c7 8744 | 0400 0008 | 0000 0049 | c787 a003 
  0x000001730fbad280: 0000 0000 | 0000 49c7 | 87b0 0300 | 0000 0000 | 0049 c787 | a803 0000 | 0000 0000 | c5f8 774d 
  0x000001730fbad2a0: 8b9f 3004 | 0000 41c7 | 8300 0100 | 0000 0000 | 0049 bbda | a5ba 0f73 | 0100 004c | 3b5d 180f 
  0x000001730fbad2c0: 8524 0200 | 0048 8b04 | 2448 83c4 | 1048 85c0 | 0f84 fe01 | 0000 a803 | 0f85 0800 | 0000 488b 
  0x000001730fbad2e0: 00e9 ee01 | 0000 a801 | 0f85 0900 | 0000 488b | 40fe e9dd | 0100 0048 | 8b40 ff41 | 807f 3800 
  0x000001730fbad300: 0f84 ce01 | 0000 4883 | f800 0f84 | c401 0000 | 4d8b 5f28 | 4983 fb00 | 0f84 1400 | 0000 4983 
  0x000001730fbad320: eb08 4d89 | 5f28 4d03 | 5f30 4989 | 03e9 a201 | 0000 4881 | ecd0 0000 | 0048 8904 | 2448 894c 
  0x000001730fbad340: 2408 4889 | 5424 1048 | 8974 2418 | 4889 7c24 | 204c 8944 | 2428 4c89 | 4c24 304c | 8954 2438 
  0x000001730fbad360: 4c89 5c24 | 40c5 fb11 | 4424 50c5 | fb11 4c24 | 58c5 fb11 | 5424 60c5 | fb11 5c24 | 68c5 fb11 
  0x000001730fbad380: 6424 70c5 | fb11 6c24 | 78c5 fb11 | b424 8000 | 0000 c5fb | 11bc 2488 | 0000 00c5 | 7b11 8424 
  0x000001730fbad3a0: 9000 0000 | c57b 118c | 2498 0000 | 00c5 7b11 | 9424 a000 | 0000 c57b | 119c 24a8 | 0000 00c5 
  0x000001730fbad3c0: 7b11 a424 | b000 0000 | c57b 11ac | 24b8 0000 | 00c5 7b11 | b424 c000 | 0000 c57b | 11bc 24c8 
  0x000001730fbad3e0: 0000 0049 | 8bd7 488b | c848 83ec | 2040 f6c4 | 0f0f 8419 | 0000 0048 | 83ec 0848 | b8e0 074c 
  0x000001730fbad400: c5fb 7f00 | 00ff d048 | 83c4 08e9 | 0c00 0000 | 48b8 e007 | 4cc5 fb7f | 0000 ffd0 | 4883 c420 
  0x000001730fbad420: c57b 10bc | 24c8 0000 | 00c5 7b10 | b424 c000 | 0000 c57b | 10ac 24b8 | 0000 00c5 | 7b10 a424 
  0x000001730fbad440: b000 0000 | c57b 109c | 24a8 0000 | 00c5 7b10 | 9424 a000 | 0000 c57b | 108c 2498 | 0000 00c5 
  0x000001730fbad460: 7b10 8424 | 9000 0000 | c5fb 10bc | 2488 0000 | 00c5 fb10 | b424 8000 | 0000 c5fb | 106c 2478 
  0x000001730fbad480: c5fb 1064 | 2470 c5fb | 105c 2468 | c5fb 1054 | 2460 c5fb | 104c 2458 | c5fb 1044 | 2450 4c8b 
  0x000001730fbad4a0: 5c24 404c | 8b54 2438 | 4c8b 4c24 | 304c 8b44 | 2428 488b | 7c24 2048 | 8b74 2418 | 488b 5424 
  0x000001730fbad4c0: 1048 8b4c | 2408 488b | 0424 4881 | c4d0 0000 | 00c5 f877 | 4889 4510 | 4883 ec10 | 4889 0424 
  0x000001730fbad4e0: 48c7 4424 | 0800 0000 | 0041 83bf | c804 0000 | 020f 85bf | 0000 0048 | 81ec 8000 | 0000 4889 
  0x000001730fbad500: 4424 7848 | 894c 2470 | 4889 5424 | 6848 895c | 2460 4889 | 6c24 5048 | 8974 2448 | 4889 7c24 
  0x000001730fbad520: 404c 8944 | 2438 4c89 | 4c24 304c | 8954 2428 | 4c89 5c24 | 204c 8964 | 2418 4c89 | 6c24 104c 
  0x000001730fbad540: 8974 2408 | 4c89 3c24 | 4c8b e448 | 83ec 2048 | 83e4 f048 | b8c0 228f | c5fb 7f00 | 00ff d049 
  0x000001730fbad560: 8be4 4c8b | 3c24 4c8b | 7424 084c | 8b6c 2410 | 4c8b 6424 | 184c 8b5c | 2420 4c8b | 5424 284c 
  0x000001730fbad580: 8b4c 2430 | 4c8b 4424 | 3848 8b7c | 2440 488b | 7424 4848 | 8b6c 2450 | 488b 5c24 | 6048 8b54 
  0x000001730fbad5a0: 2468 488b | 4c24 7048 | 8b44 2478 | 4881 c480 | 0000 004d | 33e4 488b | 5de8 4c8b | 6b08 4d8d 
  0x000001730fbad5c0: 6d38 4983 | 7f08 000f | 84bb 0000 | 00e8 0500 | 0000 e996 | 0000 0048 | 8d44 2408 | 4c89 6dc0 
  0x000001730fbad5e0: 498b cfc5 | f877 4989 | afb0 0300 | 0049 8987 | a003 0000 | 4883 ec20 | 40f6 c40f | 0f84 1900 
  0x000001730fbad600: 0000 4883 | ec08 48b8 | 006c 57c5 | fb7f 0000 | ffd0 4883 | c408 e90c | 0000 0048 | b800 6c57 
  0x000001730fbad620: c5fb 7f00 | 00ff d048 | 83c4 2049 | c787 a003 | 0000 0000 | 0000 49c7 | 87b0 0300 | 0000 0000 
  0x000001730fbad640: 0049 c787 | a803 0000 | 0000 0000 | c5f8 7749 | 837f 0800 | 0f84 0500 | 0000 e961 | 38ff ff4c 
  0x000001730fbad660: 8b6d c04c | 8b75 c84e | 8d74 f500 | c348 b940 | d5b6 c5fb | 7f00 0048 | 83e4 f048 | b870 4a7d 
  0x000001730fbad680: c5fb 7f00 | 00ff d0f4 | 448b 5b28 | 41f6 c320 | 0f84 7901 | 0000 488d | 55a8 4c8b | 5a08 4d85 
  0x000001730fbad6a0: db0f 85bb | 0000 00e8 | 0500 0000 | e996 0000 | 0048 8d44 | 2408 4c89 | 6dc0 498b | cfc5 f877 
  0x000001730fbad6c0: 4989 afb0 | 0300 0049 | 8987 a003 | 0000 4883 | ec20 40f6 | c40f 0f84 | 1900 0000 | 4883 ec08 
  0x000001730fbad6e0: 48b8 306b | 57c5 fb7f | 0000 ffd0 | 4883 c408 | e90c 0000 | 0048 b830 | 6b57 c5fb | 7f00 00ff 
  0x000001730fbad700: d048 83c4 | 2049 c787 | a003 0000 | 0000 0000 | 49c7 87b0 | 0300 0000 | 0000 0049 | c787 a803 
  0x000001730fbad720: 0000 0000 | 0000 c5f8 | 7749 837f | 0800 0f84 | 0500 0000 | e987 37ff | ff4c 8b6d | c04c 8b75 
  0x000001730fbad740: c84e 8d74 | f500 c348 | b940 d5b6 | c5fb 7f00 | 0048 83e4 | f048 b870 | 4a7d c5fb | 7f00 00ff 
  0x000001730fbad760: d0f4 4c89 | 6dc0 4c8b | 4a08 48c7 | 4208 0000 | 0000 458b | 8718 0600 | 004f 3b4c | 07f8 0f85 
  0x000001730fbad780: 4900 0000 | 4183 af18 | 0600 0008 | 4f3b 4c07 | f00f 842a | 0000 0049 | 8b01 a802 | 0f85 1200 
  0x000001730fbad7a0: 0000 4c8b | c049 83c8 | 01f0 4d0f | b101 0f84 | 0d00 0000 | 4183 8718 | 0600 0008 | e90c 0000 
  0x000001730fbad7c0: 0049 ff8f | 5005 0000 | e93e 0000 | 004c 894a | 0848 8bca | 4883 ec20 | 40f6 c40f | 0f84 1900 
  0x000001730fbad7e0: 0000 4883 | ec08 48b8 | f03d 57c5 | fb7f 0000 | ffd0 4883 | c408 e90c | 0000 0048 | b8f0 3d57 
  0x000001730fbad800: c5fb 7f00 | 00ff d048 | 83c4 204c | 8b6d c049 | ba41 adde | c5fb 7f00 | 0041 803a | 000f 843e 
  0x000001730fbad820: 0000 0048 | 8b55 e849 | 8bcf 4883 | ec20 40f6 | c40f 0f84 | 1900 0000 | 4883 ec08 | 48b8 10ee 
  0x000001730fbad840: 8ec5 fb7f | 0000 ffd0 | 4883 c408 | e90c 0000 | 0048 b810 | ee8e c5fb | 7f00 00ff | d048 83c4 
  0x000001730fbad860: 2048 8b04 | 2448 83c4 | 10c5 fb10 | 0424 4883 | c410 4c8b | 5d18 41ff | d34c 8b5d | f8c9 5f49 
  0x000001730fbad880: 8be3 ffe7 | ba00 0000 | 00e8 0500 | 0000 e996 | 0000 0048 | 8d44 2408 | 4c89 6dc0 | 498b cfc5 
  0x000001730fbad8a0: f877 4989 | afb0 0300 | 0049 8987 | a003 0000 | 4883 ec20 | 40f6 c40f | 0f84 1900 | 0000 4883 
  0x000001730fbad8c0: ec08 48b8 | a031 57c5 | fb7f 0000 | ffd0 4883 | c408 e90c | 0000 0048 | b8a0 3157 | c5fb 7f00 
  0x000001730fbad8e0: 00ff d048 | 83c4 2049 | c787 a003 | 0000 0000 | 0000 49c7 | 87b0 0300 | 0000 0000 | 0049 c787 
  0x000001730fbad900: a803 0000 | 0000 0000 | c5f8 7749 | 837f 0800 | 0f84 0500 | 0000 e9a5 | 35ff ff4c | 8b6d c04c 
  0x000001730fbad920: 8b75 c84e | 8d74 f500 | c348 8b5d | e8e9 26f6 | ffff 660f | 1f44 0000 
[/MachCode]

---------------  P R O C E S S  ---------------

Threads class SMR info:
_java_thread_list=0x0000017319a2c5e0, length=12, elements={
0x000001737affda60, 0x0000017319810770, 0x00000173198123e0, 0x0000017319813040,
0x0000017319815ab0, 0x0000017319816510, 0x0000017319816f70, 0x0000017319819d10,
0x000001731981d580, 0x00000173199870d0, 0x000001735f0dcf70, 0x000001735f0dd5e0
}

Java Threads: ( => current thread )
=>0x000001737affda60 JavaThread "main"                              [_thread_in_vm, id=9520, stack(0x0000004368100000,0x0000004368200000) (1024K)]
  0x0000017319810770 JavaThread "Reference Handler"          daemon [_thread_blocked, id=7132, stack(0x0000004368900000,0x0000004368a00000) (1024K)]
  0x00000173198123e0 JavaThread "Finalizer"                  daemon [_thread_blocked, id=14196, stack(0x0000004368a00000,0x0000004368b00000) (1024K)]
  0x0000017319813040 JavaThread "Signal Dispatcher"          daemon [_thread_blocked, id=14480, stack(0x0000004368b00000,0x0000004368c00000) (1024K)]
  0x0000017319815ab0 JavaThread "Attach Listener"            daemon [_thread_blocked, id=14824, stack(0x0000004368c00000,0x0000004368d00000) (1024K)]
  0x0000017319816510 JavaThread "Service Thread"             daemon [_thread_blocked, id=3280, stack(0x0000004368d00000,0x0000004368e00000) (1024K)]
  0x0000017319816f70 JavaThread "Monitor Deflation Thread"   daemon [_thread_blocked, id=11372, stack(0x0000004368e00000,0x0000004368f00000) (1024K)]
  0x0000017319819d10 JavaThread "C2 CompilerThread0"         daemon [_thread_blocked, id=5392, stack(0x0000004368f00000,0x0000004369000000) (1024K)]
  0x000001731981d580 JavaThread "C1 CompilerThread0"         daemon [_thread_blocked, id=6600, stack(0x0000004369000000,0x0000004369100000) (1024K)]
  0x00000173199870d0 JavaThread "Common-Cleaner"             daemon [_thread_blocked, id=6128, stack(0x0000004369100000,0x0000004369200000) (1024K)]
  0x000001735f0dcf70 JavaThread "Monitor Ctrl-Break"         daemon [_thread_in_native, id=2504, stack(0x0000004369200000,0x0000004369300000) (1024K)]
  0x000001735f0dd5e0 JavaThread "Notification Thread"        daemon [_thread_blocked, id=6424, stack(0x0000004369300000,0x0000004369400000) (1024K)]
Total: 12

Other Threads:
  0x00000173197f5f10 VMThread "VM Thread"                           [id=3348, stack(0x0000004368800000,0x0000004368900000) (1024K)]
  0x00000173197e4820 WatcherThread "VM Periodic Task Thread"        [id=14152, stack(0x0000004368700000,0x0000004368800000) (1024K)]
  0x000001737d3684f0 WorkerThread "GC Thread#0"                     [id=5548, stack(0x0000004368200000,0x0000004368300000) (1024K)]
  0x000001737d37d3d0 ConcurrentGCThread "G1 Main Marker"            [id=13688, stack(0x0000004368300000,0x0000004368400000) (1024K)]
  0x000001737d37e680 WorkerThread "G1 Conc#0"                       [id=15184, stack(0x0000004368400000,0x0000004368500000) (1024K)]
  0x00000173196aa520 ConcurrentGCThread "G1 Refine#0"               [id=128, stack(0x0000004368500000,0x0000004368600000) (1024K)]
  0x00000173196ac0b0 ConcurrentGCThread "G1 Service"                [id=5644, stack(0x0000004368600000,0x0000004368700000) (1024K)]
Total: 7

Threads with active compile tasks:
Total: 0

VM state: not at safepoint (normal execution)

VM Mutex/Monitor currently owned by a thread:  ([mutex/lock_event])
[0x00007ffbc5e11890] Metaspace_lock - owner thread: 0x000001737affda60

Heap address: 0x0000000081400000, size: 2028 MB, Compressed Oops mode: 32-bit

CDS archive(s) mapped at: [0x000001731a000000-0x000001731ad70000-0x000001731ad70000), size 14090240, SharedBaseAddress: 0x000001731a000000, ArchiveRelocationMode: 1.
Compressed class space mapped at: 0x000001731b000000-0x000001735b000000, reserved size: 1073741824
Narrow klass base: 0x000001731a000000, Narrow klass shift: 0, Narrow klass range: 0x41000000

GC Precious Log:
 CardTable entry size: 512
 Card Set container configuration: InlinePtr #cards 5 size 8 Array Of Cards #cards 10 size 36 Howl #buckets 4 coarsen threshold 1843 Howl Bitmap #cards 512 size 80 coarsen threshold 460 Card regions per heap region 1 cards per card region 2048
 CPUs: 4 total, 4 available
 Memory: 8107M
 Large Page Support: Disabled
 NUMA Support: Disabled
 Compressed Oops: Enabled (32-bit)
 Heap Region Size: 1M
 Heap Min Capacity: 8M
 Heap Initial Capacity: 128M
 Heap Max Capacity: 2028M
 Pre-touch: Disabled
 Parallel Workers: 4
 Concurrent Workers: 1
 Concurrent Refinement Workers: 4
 Periodic GC: Disabled

Heap:
 garbage-first heap   total reserved 2076672K, committed 131072K, used 10240K [0x0000000081400000, 0x0000000100000000)
  region size 1024K, 10 young (10240K), 0 survivors (0K)
 Metaspace       used 1381K, committed 1536K, reserved 1114112K
  class space    used 107K, committed 192K, reserved 1048576K

Heap Regions: E=young(eden), S=young(survivor), O=old, HS=humongous(starts), HC=humongous(continues), CS=collection set, F=free, TAMS=top-at-mark-start, PB=parsable bottom
|   0|0x0000000081400000, 0x0000000081500000, 0x0000000081500000|100%|HS|  |TAMS 0x0000000081400000| PB 0x0000000081400000| Complete |  0
|   1|0x0000000081500000, 0x0000000081600000, 0x0000000081600000|100%|HS|  |TAMS 0x0000000081500000| PB 0x0000000081500000| Complete |  0
|   2|0x0000000081600000, 0x0000000081600000, 0x0000000081700000|  0%| F|  |TAMS 0x0000000081600000| PB 0x0000000081600000| Untracked |  0
|   3|0x0000000081700000, 0x0000000081700000, 0x0000000081800000|  0%| F|  |TAMS 0x0000000081700000| PB 0x0000000081700000| Untracked |  0
|   4|0x0000000081800000, 0x0000000081800000, 0x0000000081900000|  0%| F|  |TAMS 0x0000000081800000| PB 0x0000000081800000| Untracked |  0
|   5|0x0000000081900000, 0x0000000081900000, 0x0000000081a00000|  0%| F|  |TAMS 0x0000000081900000| PB 0x0000000081900000| Untracked |  0
|   6|0x0000000081a00000, 0x0000000081a00000, 0x0000000081b00000|  0%| F|  |TAMS 0x0000000081a00000| PB 0x0000000081a00000| Untracked |  0
|   7|0x0000000081b00000, 0x0000000081b00000, 0x0000000081c00000|  0%| F|  |TAMS 0x0000000081b00000| PB 0x0000000081b00000| Untracked |  0
|   8|0x0000000081c00000, 0x0000000081c00000, 0x0000000081d00000|  0%| F|  |TAMS 0x0000000081c00000| PB 0x0000000081c00000| Untracked |  0
|   9|0x0000000081d00000, 0x0000000081d00000, 0x0000000081e00000|  0%| F|  |TAMS 0x0000000081d00000| PB 0x0000000081d00000| Untracked |  0
|  10|0x0000000081e00000, 0x0000000081e00000, 0x0000000081f00000|  0%| F|  |TAMS 0x0000000081e00000| PB 0x0000000081e00000| Untracked |  0
|  11|0x0000000081f00000, 0x0000000081f00000, 0x0000000082000000|  0%| F|  |TAMS 0x0000000081f00000| PB 0x0000000081f00000| Untracked |  0
|  12|0x0000000082000000, 0x0000000082000000, 0x0000000082100000|  0%| F|  |TAMS 0x0000000082000000| PB 0x0000000082000000| Untracked |  0
|  13|0x0000000082100000, 0x0000000082100000, 0x0000000082200000|  0%| F|  |TAMS 0x0000000082100000| PB 0x0000000082100000| Untracked |  0
|  14|0x0000000082200000, 0x0000000082200000, 0x0000000082300000|  0%| F|  |TAMS 0x0000000082200000| PB 0x0000000082200000| Untracked |  0
|  15|0x0000000082300000, 0x0000000082300000, 0x0000000082400000|  0%| F|  |TAMS 0x0000000082300000| PB 0x0000000082300000| Untracked |  0
|  16|0x0000000082400000, 0x0000000082400000, 0x0000000082500000|  0%| F|  |TAMS 0x0000000082400000| PB 0x0000000082400000| Untracked |  0
|  17|0x0000000082500000, 0x0000000082500000, 0x0000000082600000|  0%| F|  |TAMS 0x0000000082500000| PB 0x0000000082500000| Untracked |  0
|  18|0x0000000082600000, 0x0000000082600000, 0x0000000082700000|  0%| F|  |TAMS 0x0000000082600000| PB 0x0000000082600000| Untracked |  0
|  19|0x0000000082700000, 0x0000000082700000, 0x0000000082800000|  0%| F|  |TAMS 0x0000000082700000| PB 0x0000000082700000| Untracked |  0
|  20|0x0000000082800000, 0x0000000082800000, 0x0000000082900000|  0%| F|  |TAMS 0x0000000082800000| PB 0x0000000082800000| Untracked |  0
|  21|0x0000000082900000, 0x0000000082900000, 0x0000000082a00000|  0%| F|  |TAMS 0x0000000082900000| PB 0x0000000082900000| Untracked |  0
|  22|0x0000000082a00000, 0x0000000082a00000, 0x0000000082b00000|  0%| F|  |TAMS 0x0000000082a00000| PB 0x0000000082a00000| Untracked |  0
|  23|0x0000000082b00000, 0x0000000082b00000, 0x0000000082c00000|  0%| F|  |TAMS 0x0000000082b00000| PB 0x0000000082b00000| Untracked |  0
|  24|0x0000000082c00000, 0x0000000082c00000, 0x0000000082d00000|  0%| F|  |TAMS 0x0000000082c00000| PB 0x0000000082c00000| Untracked |  0
|  25|0x0000000082d00000, 0x0000000082d00000, 0x0000000082e00000|  0%| F|  |TAMS 0x0000000082d00000| PB 0x0000000082d00000| Untracked |  0
|  26|0x0000000082e00000, 0x0000000082e00000, 0x0000000082f00000|  0%| F|  |TAMS 0x0000000082e00000| PB 0x0000000082e00000| Untracked |  0
|  27|0x0000000082f00000, 0x0000000082f00000, 0x0000000083000000|  0%| F|  |TAMS 0x0000000082f00000| PB 0x0000000082f00000| Untracked |  0
|  28|0x0000000083000000, 0x0000000083000000, 0x0000000083100000|  0%| F|  |TAMS 0x0000000083000000| PB 0x0000000083000000| Untracked |  0
|  29|0x0000000083100000, 0x0000000083100000, 0x0000000083200000|  0%| F|  |TAMS 0x0000000083100000| PB 0x0000000083100000| Untracked |  0
|  30|0x0000000083200000, 0x0000000083200000, 0x0000000083300000|  0%| F|  |TAMS 0x0000000083200000| PB 0x0000000083200000| Untracked |  0
|  31|0x0000000083300000, 0x0000000083300000, 0x0000000083400000|  0%| F|  |TAMS 0x0000000083300000| PB 0x0000000083300000| Untracked |  0
|  32|0x0000000083400000, 0x0000000083400000, 0x0000000083500000|  0%| F|  |TAMS 0x0000000083400000| PB 0x0000000083400000| Untracked |  0
|  33|0x0000000083500000, 0x0000000083500000, 0x0000000083600000|  0%| F|  |TAMS 0x0000000083500000| PB 0x0000000083500000| Untracked |  0
|  34|0x0000000083600000, 0x0000000083600000, 0x0000000083700000|  0%| F|  |TAMS 0x0000000083600000| PB 0x0000000083600000| Untracked |  0
|  35|0x0000000083700000, 0x0000000083700000, 0x0000000083800000|  0%| F|  |TAMS 0x0000000083700000| PB 0x0000000083700000| Untracked |  0
|  36|0x0000000083800000, 0x0000000083800000, 0x0000000083900000|  0%| F|  |TAMS 0x0000000083800000| PB 0x0000000083800000| Untracked |  0
|  37|0x0000000083900000, 0x0000000083900000, 0x0000000083a00000|  0%| F|  |TAMS 0x0000000083900000| PB 0x0000000083900000| Untracked |  0
|  38|0x0000000083a00000, 0x0000000083a00000, 0x0000000083b00000|  0%| F|  |TAMS 0x0000000083a00000| PB 0x0000000083a00000| Untracked |  0
|  39|0x0000000083b00000, 0x0000000083b00000, 0x0000000083c00000|  0%| F|  |TAMS 0x0000000083b00000| PB 0x0000000083b00000| Untracked |  0
|  40|0x0000000083c00000, 0x0000000083c00000, 0x0000000083d00000|  0%| F|  |TAMS 0x0000000083c00000| PB 0x0000000083c00000| Untracked |  0
|  41|0x0000000083d00000, 0x0000000083d00000, 0x0000000083e00000|  0%| F|  |TAMS 0x0000000083d00000| PB 0x0000000083d00000| Untracked |  0
|  42|0x0000000083e00000, 0x0000000083e00000, 0x0000000083f00000|  0%| F|  |TAMS 0x0000000083e00000| PB 0x0000000083e00000| Untracked |  0
|  43|0x0000000083f00000, 0x0000000083f00000, 0x0000000084000000|  0%| F|  |TAMS 0x0000000083f00000| PB 0x0000000083f00000| Untracked |  0
|  44|0x0000000084000000, 0x0000000084000000, 0x0000000084100000|  0%| F|  |TAMS 0x0000000084000000| PB 0x0000000084000000| Untracked |  0
|  45|0x0000000084100000, 0x0000000084100000, 0x0000000084200000|  0%| F|  |TAMS 0x0000000084100000| PB 0x0000000084100000| Untracked |  0
|  46|0x0000000084200000, 0x0000000084200000, 0x0000000084300000|  0%| F|  |TAMS 0x0000000084200000| PB 0x0000000084200000| Untracked |  0
|  47|0x0000000084300000, 0x0000000084300000, 0x0000000084400000|  0%| F|  |TAMS 0x0000000084300000| PB 0x0000000084300000| Untracked |  0
|  48|0x0000000084400000, 0x0000000084400000, 0x0000000084500000|  0%| F|  |TAMS 0x0000000084400000| PB 0x0000000084400000| Untracked |  0
|  49|0x0000000084500000, 0x0000000084500000, 0x0000000084600000|  0%| F|  |TAMS 0x0000000084500000| PB 0x0000000084500000| Untracked |  0
|  50|0x0000000084600000, 0x0000000084600000, 0x0000000084700000|  0%| F|  |TAMS 0x0000000084600000| PB 0x0000000084600000| Untracked |  0
|  51|0x0000000084700000, 0x0000000084700000, 0x0000000084800000|  0%| F|  |TAMS 0x0000000084700000| PB 0x0000000084700000| Untracked |  0
|  52|0x0000000084800000, 0x0000000084800000, 0x0000000084900000|  0%| F|  |TAMS 0x0000000084800000| PB 0x0000000084800000| Untracked |  0
|  53|0x0000000084900000, 0x0000000084900000, 0x0000000084a00000|  0%| F|  |TAMS 0x0000000084900000| PB 0x0000000084900000| Untracked |  0
|  54|0x0000000084a00000, 0x0000000084a00000, 0x0000000084b00000|  0%| F|  |TAMS 0x0000000084a00000| PB 0x0000000084a00000| Untracked |  0
|  55|0x0000000084b00000, 0x0000000084b00000, 0x0000000084c00000|  0%| F|  |TAMS 0x0000000084b00000| PB 0x0000000084b00000| Untracked |  0
|  56|0x0000000084c00000, 0x0000000084c00000, 0x0000000084d00000|  0%| F|  |TAMS 0x0000000084c00000| PB 0x0000000084c00000| Untracked |  0
|  57|0x0000000084d00000, 0x0000000084d00000, 0x0000000084e00000|  0%| F|  |TAMS 0x0000000084d00000| PB 0x0000000084d00000| Untracked |  0
|  58|0x0000000084e00000, 0x0000000084e00000, 0x0000000084f00000|  0%| F|  |TAMS 0x0000000084e00000| PB 0x0000000084e00000| Untracked |  0
|  59|0x0000000084f00000, 0x0000000084f00000, 0x0000000085000000|  0%| F|  |TAMS 0x0000000084f00000| PB 0x0000000084f00000| Untracked |  0
|  60|0x0000000085000000, 0x0000000085000000, 0x0000000085100000|  0%| F|  |TAMS 0x0000000085000000| PB 0x0000000085000000| Untracked |  0
|  61|0x0000000085100000, 0x0000000085100000, 0x0000000085200000|  0%| F|  |TAMS 0x0000000085100000| PB 0x0000000085100000| Untracked |  0
|  62|0x0000000085200000, 0x0000000085200000, 0x0000000085300000|  0%| F|  |TAMS 0x0000000085200000| PB 0x0000000085200000| Untracked |  0
|  63|0x0000000085300000, 0x0000000085300000, 0x0000000085400000|  0%| F|  |TAMS 0x0000000085300000| PB 0x0000000085300000| Untracked |  0
|  64|0x0000000085400000, 0x0000000085400000, 0x0000000085500000|  0%| F|  |TAMS 0x0000000085400000| PB 0x0000000085400000| Untracked |  0
|  65|0x0000000085500000, 0x0000000085500000, 0x0000000085600000|  0%| F|  |TAMS 0x0000000085500000| PB 0x0000000085500000| Untracked |  0
|  66|0x0000000085600000, 0x0000000085600000, 0x0000000085700000|  0%| F|  |TAMS 0x0000000085600000| PB 0x0000000085600000| Untracked |  0
|  67|0x0000000085700000, 0x0000000085700000, 0x0000000085800000|  0%| F|  |TAMS 0x0000000085700000| PB 0x0000000085700000| Untracked |  0
|  68|0x0000000085800000, 0x0000000085800000, 0x0000000085900000|  0%| F|  |TAMS 0x0000000085800000| PB 0x0000000085800000| Untracked |  0
|  69|0x0000000085900000, 0x0000000085900000, 0x0000000085a00000|  0%| F|  |TAMS 0x0000000085900000| PB 0x0000000085900000| Untracked |  0
|  70|0x0000000085a00000, 0x0000000085a00000, 0x0000000085b00000|  0%| F|  |TAMS 0x0000000085a00000| PB 0x0000000085a00000| Untracked |  0
|  71|0x0000000085b00000, 0x0000000085b00000, 0x0000000085c00000|  0%| F|  |TAMS 0x0000000085b00000| PB 0x0000000085b00000| Untracked |  0
|  72|0x0000000085c00000, 0x0000000085c00000, 0x0000000085d00000|  0%| F|  |TAMS 0x0000000085c00000| PB 0x0000000085c00000| Untracked |  0
|  73|0x0000000085d00000, 0x0000000085d00000, 0x0000000085e00000|  0%| F|  |TAMS 0x0000000085d00000| PB 0x0000000085d00000| Untracked |  0
|  74|0x0000000085e00000, 0x0000000085e00000, 0x0000000085f00000|  0%| F|  |TAMS 0x0000000085e00000| PB 0x0000000085e00000| Untracked |  0
|  75|0x0000000085f00000, 0x0000000085f00000, 0x0000000086000000|  0%| F|  |TAMS 0x0000000085f00000| PB 0x0000000085f00000| Untracked |  0
|  76|0x0000000086000000, 0x0000000086000000, 0x0000000086100000|  0%| F|  |TAMS 0x0000000086000000| PB 0x0000000086000000| Untracked |  0
|  77|0x0000000086100000, 0x0000000086100000, 0x0000000086200000|  0%| F|  |TAMS 0x0000000086100000| PB 0x0000000086100000| Untracked |  0
|  78|0x0000000086200000, 0x0000000086200000, 0x0000000086300000|  0%| F|  |TAMS 0x0000000086200000| PB 0x0000000086200000| Untracked |  0
|  79|0x0000000086300000, 0x0000000086300000, 0x0000000086400000|  0%| F|  |TAMS 0x0000000086300000| PB 0x0000000086300000| Untracked |  0
|  80|0x0000000086400000, 0x0000000086400000, 0x0000000086500000|  0%| F|  |TAMS 0x0000000086400000| PB 0x0000000086400000| Untracked |  0
|  81|0x0000000086500000, 0x0000000086500000, 0x0000000086600000|  0%| F|  |TAMS 0x0000000086500000| PB 0x0000000086500000| Untracked |  0
|  82|0x0000000086600000, 0x0000000086600000, 0x0000000086700000|  0%| F|  |TAMS 0x0000000086600000| PB 0x0000000086600000| Untracked |  0
|  83|0x0000000086700000, 0x0000000086700000, 0x0000000086800000|  0%| F|  |TAMS 0x0000000086700000| PB 0x0000000086700000| Untracked |  0
|  84|0x0000000086800000, 0x0000000086800000, 0x0000000086900000|  0%| F|  |TAMS 0x0000000086800000| PB 0x0000000086800000| Untracked |  0
|  85|0x0000000086900000, 0x0000000086900000, 0x0000000086a00000|  0%| F|  |TAMS 0x0000000086900000| PB 0x0000000086900000| Untracked |  0
|  86|0x0000000086a00000, 0x0000000086a00000, 0x0000000086b00000|  0%| F|  |TAMS 0x0000000086a00000| PB 0x0000000086a00000| Untracked |  0
|  87|0x0000000086b00000, 0x0000000086b00000, 0x0000000086c00000|  0%| F|  |TAMS 0x0000000086b00000| PB 0x0000000086b00000| Untracked |  0
|  88|0x0000000086c00000, 0x0000000086c00000, 0x0000000086d00000|  0%| F|  |TAMS 0x0000000086c00000| PB 0x0000000086c00000| Untracked |  0
|  89|0x0000000086d00000, 0x0000000086d00000, 0x0000000086e00000|  0%| F|  |TAMS 0x0000000086d00000| PB 0x0000000086d00000| Untracked |  0
|  90|0x0000000086e00000, 0x0000000086e00000, 0x0000000086f00000|  0%| F|  |TAMS 0x0000000086e00000| PB 0x0000000086e00000| Untracked |  0
|  91|0x0000000086f00000, 0x0000000086f00000, 0x0000000087000000|  0%| F|  |TAMS 0x0000000086f00000| PB 0x0000000086f00000| Untracked |  0
|  92|0x0000000087000000, 0x0000000087000000, 0x0000000087100000|  0%| F|  |TAMS 0x0000000087000000| PB 0x0000000087000000| Untracked |  0
|  93|0x0000000087100000, 0x0000000087100000, 0x0000000087200000|  0%| F|  |TAMS 0x0000000087100000| PB 0x0000000087100000| Untracked |  0
|  94|0x0000000087200000, 0x0000000087200000, 0x0000000087300000|  0%| F|  |TAMS 0x0000000087200000| PB 0x0000000087200000| Untracked |  0
|  95|0x0000000087300000, 0x0000000087300000, 0x0000000087400000|  0%| F|  |TAMS 0x0000000087300000| PB 0x0000000087300000| Untracked |  0
|  96|0x0000000087400000, 0x0000000087400000, 0x0000000087500000|  0%| F|  |TAMS 0x0000000087400000| PB 0x0000000087400000| Untracked |  0
|  97|0x0000000087500000, 0x0000000087500000, 0x0000000087600000|  0%| F|  |TAMS 0x0000000087500000| PB 0x0000000087500000| Untracked |  0
|  98|0x0000000087600000, 0x0000000087600000, 0x0000000087700000|  0%| F|  |TAMS 0x0000000087600000| PB 0x0000000087600000| Untracked |  0
|  99|0x0000000087700000, 0x0000000087700000, 0x0000000087800000|  0%| F|  |TAMS 0x0000000087700000| PB 0x0000000087700000| Untracked |  0
| 100|0x0000000087800000, 0x0000000087800000, 0x0000000087900000|  0%| F|  |TAMS 0x0000000087800000| PB 0x0000000087800000| Untracked |  0
| 101|0x0000000087900000, 0x0000000087900000, 0x0000000087a00000|  0%| F|  |TAMS 0x0000000087900000| PB 0x0000000087900000| Untracked |  0
| 102|0x0000000087a00000, 0x0000000087a00000, 0x0000000087b00000|  0%| F|  |TAMS 0x0000000087a00000| PB 0x0000000087a00000| Untracked |  0
| 103|0x0000000087b00000, 0x0000000087b00000, 0x0000000087c00000|  0%| F|  |TAMS 0x0000000087b00000| PB 0x0000000087b00000| Untracked |  0
| 104|0x0000000087c00000, 0x0000000087c00000, 0x0000000087d00000|  0%| F|  |TAMS 0x0000000087c00000| PB 0x0000000087c00000| Untracked |  0
| 105|0x0000000087d00000, 0x0000000087d00000, 0x0000000087e00000|  0%| F|  |TAMS 0x0000000087d00000| PB 0x0000000087d00000| Untracked |  0
| 106|0x0000000087e00000, 0x0000000087e00000, 0x0000000087f00000|  0%| F|  |TAMS 0x0000000087e00000| PB 0x0000000087e00000| Untracked |  0
| 107|0x0000000087f00000, 0x0000000087f00000, 0x0000000088000000|  0%| F|  |TAMS 0x0000000087f00000| PB 0x0000000087f00000| Untracked |  0
| 108|0x0000000088000000, 0x0000000088000000, 0x0000000088100000|  0%| F|  |TAMS 0x0000000088000000| PB 0x0000000088000000| Untracked |  0
| 109|0x0000000088100000, 0x0000000088100000, 0x0000000088200000|  0%| F|  |TAMS 0x0000000088100000| PB 0x0000000088100000| Untracked |  0
| 110|0x0000000088200000, 0x0000000088200000, 0x0000000088300000|  0%| F|  |TAMS 0x0000000088200000| PB 0x0000000088200000| Untracked |  0
| 111|0x0000000088300000, 0x0000000088300000, 0x0000000088400000|  0%| F|  |TAMS 0x0000000088300000| PB 0x0000000088300000| Untracked |  0
| 112|0x0000000088400000, 0x0000000088400000, 0x0000000088500000|  0%| F|  |TAMS 0x0000000088400000| PB 0x0000000088400000| Untracked |  0
| 113|0x0000000088500000, 0x0000000088500000, 0x0000000088600000|  0%| F|  |TAMS 0x0000000088500000| PB 0x0000000088500000| Untracked |  0
| 114|0x0000000088600000, 0x0000000088600000, 0x0000000088700000|  0%| F|  |TAMS 0x0000000088600000| PB 0x0000000088600000| Untracked |  0
| 115|0x0000000088700000, 0x0000000088700000, 0x0000000088800000|  0%| F|  |TAMS 0x0000000088700000| PB 0x0000000088700000| Untracked |  0
| 116|0x0000000088800000, 0x0000000088800000, 0x0000000088900000|  0%| F|  |TAMS 0x0000000088800000| PB 0x0000000088800000| Untracked |  0
| 117|0x0000000088900000, 0x0000000088900000, 0x0000000088a00000|  0%| F|  |TAMS 0x0000000088900000| PB 0x0000000088900000| Untracked |  0
| 118|0x0000000088a00000, 0x0000000088a47b38, 0x0000000088b00000| 28%| E|  |TAMS 0x0000000088a00000| PB 0x0000000088a00000| Complete |  0
| 119|0x0000000088b00000, 0x0000000088c00000, 0x0000000088c00000|100%| E|CS|TAMS 0x0000000088b00000| PB 0x0000000088b00000| Complete |  0
| 120|0x0000000088c00000, 0x0000000088d00000, 0x0000000088d00000|100%| E|CS|TAMS 0x0000000088c00000| PB 0x0000000088c00000| Complete |  0
| 121|0x0000000088d00000, 0x0000000088e00000, 0x0000000088e00000|100%| E|CS|TAMS 0x0000000088d00000| PB 0x0000000088d00000| Complete |  0
| 122|0x0000000088e00000, 0x0000000088f00000, 0x0000000088f00000|100%| E|  |TAMS 0x0000000088e00000| PB 0x0000000088e00000| Complete |  0
| 123|0x0000000088f00000, 0x0000000089000000, 0x0000000089000000|100%| E|CS|TAMS 0x0000000088f00000| PB 0x0000000088f00000| Complete |  0
| 124|0x0000000089000000, 0x0000000089100000, 0x0000000089100000|100%| E|CS|TAMS 0x0000000089000000| PB 0x0000000089000000| Complete |  0
| 125|0x0000000089100000, 0x0000000089200000, 0x0000000089200000|100%| E|CS|TAMS 0x0000000089100000| PB 0x0000000089100000| Complete |  0
| 126|0x0000000089200000, 0x0000000089300000, 0x0000000089300000|100%| E|CS|TAMS 0x0000000089200000| PB 0x0000000089200000| Complete |  0
| 127|0x0000000089300000, 0x0000000089400000, 0x0000000089400000|100%| E|CS|TAMS 0x0000000089300000| PB 0x0000000089300000| Complete |  0

Card table byte_map: [0x000001737d7d0000,0x000001737dbd0000] _byte_map_base: 0x000001737d3c6000

Marking Bits: (CMBitMap*) 0x000001737d368c00
 Bits: [0x000001737dbd0000, 0x000001737fb80000)

Polling page: 0x000001737cad0000

Metaspace:

Usage:
  Non-class:      1.24 MB used.
      Class:    107.20 KB used.
       Both:      1.35 MB used.

Virtual space:
  Non-class space:       64.00 MB reserved,       1.31 MB (  2%) committed,  1 nodes.
      Class space:        1.00 GB reserved,     192.00 KB ( <1%) committed,  1 nodes.
             Both:        1.06 GB reserved,       1.50 MB ( <1%) committed. 

Chunk freelists:
   Non-Class:  11.67 MB
       Class:  15.70 MB
        Both:  27.38 MB

MaxMetaspaceSize: unlimited
CompressedClassSpaceSize: 1.00 GB
Initial GC threshold: 21.00 MB
Current GC threshold: 21.00 MB
CDS: on
 - commit_granule_bytes: 65536.
 - commit_granule_words: 8192.
 - virtual_space_node_default_size: 8388608.
 - enlarge_chunks_in_place: 1.
 - use_allocation_guard: 0.


Internal statistics:

num_allocs_failed_limit: 0.
num_arena_births: 22.
num_arena_deaths: 0.
num_vsnodes_births: 2.
num_vsnodes_deaths: 0.
num_space_committed: 24.
num_space_uncommitted: 0.
num_chunks_returned_to_freelist: 0.
num_chunks_taken_from_freelist: 44.
num_chunk_merges: 0.
num_chunk_splits: 29.
num_chunks_enlarged: 18.
num_inconsistent_stats: 0.

CodeHeap 'non-profiled nmethods': size=120064Kb used=158Kb max_used=158Kb free=119905Kb
 bounds [0x0000017310130000, 0x00000173103a0000, 0x0000017317670000]
CodeHeap 'profiled nmethods': size=120000Kb used=541Kb max_used=541Kb free=119459Kb
 bounds [0x0000017308670000, 0x00000173088e0000, 0x000001730fba0000]
CodeHeap 'non-nmethods': size=5696Kb used=1312Kb max_used=1328Kb free=4383Kb
 bounds [0x000001730fba0000, 0x000001730fe10000, 0x0000017310130000]
CodeCache: size=245760Kb, used=2011Kb, max_used=2027Kb, free=243747Kb
 total_blobs=954, nmethods=523, adapters=337, full_count=0
Compilation: enabled, stopped_count=0, restarted_count=0

Compilation events (20 events):
Event: 1.182 Thread 0x000001731981d580 nmethod 513 0x00000173086f1d08 code [0x00000173086f1e40, 0x00000173086f2040]
Event: 1.183 Thread 0x000001731981d580  514   !   3       java.util.jar.JarFile::checkForSpecialAttributes (163 bytes)
Event: 1.183 Thread 0x0000017319819d10  518       4       java.util.zip.ZipFile::ensureOpen (40 bytes)
Event: 1.184 Thread 0x0000017319819d10 nmethod 518 0x0000017310156c88 code [0x0000017310156d80, 0x0000017310156e48]
Event: 1.184 Thread 0x000001731981d580 nmethod 514 0x00000173086f2088 code [0x00000173086f2300, 0x00000173086f34a8]
Event: 1.184 Thread 0x000001731981d580  519       3       java.util.jar.JarFile::getVersionedEntry (133 bytes)
Event: 1.186 Thread 0x000001731981d580 nmethod 519 0x00000173086f3588 code [0x00000173086f37e0, 0x00000173086f4628]
Event: 1.186 Thread 0x000001731981d580  515       3       java.util.jar.JarFile::getEntry (35 bytes)
Event: 1.186 Thread 0x000001731981d580 nmethod 515 0x00000173086f4708 code [0x00000173086f4880, 0x00000173086f4ce8]
Event: 1.186 Thread 0x000001731981d580  516   !   3       jdk.internal.loader.URLClassPath$JarLoader::getResource (40 bytes)
Event: 1.187 Thread 0x000001731981d580 nmethod 516 0x00000173086f4d08 code [0x00000173086f4e80, 0x00000173086f53e0]
Event: 1.187 Thread 0x000001731981d580  517       3       java.util.jar.JarFile::getJarEntry (9 bytes)
Event: 1.187 Thread 0x000001731981d580 nmethod 517 0x00000173086f5408 code [0x00000173086f5540, 0x00000173086f57d8]
Event: 1.187 Thread 0x000001731981d580  520       3       java.io.InputStream::<init> (5 bytes)
Event: 1.187 Thread 0x000001731981d580 nmethod 520 0x00000173086f5808 code [0x00000173086f5920, 0x00000173086f5a88]
Event: 1.188 Thread 0x0000017319819d10  521       4       java.util.jar.Manifest$FastInputStream::readLine (296 bytes)
Event: 1.189 Thread 0x000001731981d580  522       3       java.lang.StringConcatHelper::initialCoder (14 bytes)
Event: 1.189 Thread 0x000001731981d580 nmethod 522 0x00000173086f5b08 code [0x00000173086f5c20, 0x00000173086f5d30]
Event: 1.190 Thread 0x000001731981d580  523       3       java.lang.String::concat (15 bytes)
Event: 1.192 Thread 0x000001731981d580 nmethod 523 0x00000173086f5e08 code [0x00000173086f60c0, 0x00000173086f7348]

GC Heap History (0 events):
No events

Dll operation events (10 events):
Event: 0.027 Loaded shared library C:\Program Files\Java\jdk-23\bin\java.dll
Event: 0.187 Loaded shared library C:\Program Files\Java\jdk-23\bin\jsvml.dll
Event: 0.496 Loaded shared library C:\Program Files\Java\jdk-23\bin\zip.dll
Event: 0.504 Loaded shared library C:\Program Files\Java\jdk-23\bin\instrument.dll
Event: 0.520 Loaded shared library C:\Program Files\Java\jdk-23\bin\net.dll
Event: 0.524 Loaded shared library C:\Program Files\Java\jdk-23\bin\nio.dll
Event: 0.532 Loaded shared library C:\Program Files\Java\jdk-23\bin\zip.dll
Event: 1.083 Loaded shared library C:\Program Files\Java\jdk-23\bin\extnet.dll
Event: 1.116 Loaded shared library C:\Program Files\Java\jdk-23\bin\verify.dll
Event: 1.164 Loaded shared library C:\Program Files\Java\jdk-23\bin\jimage.dll

Deoptimization events (20 events):
Event: 0.583 Thread 0x000001737affda60 DEOPT PACKING pc=0x000001730869d5c1 sp=0x00000043681fe290
Event: 0.583 Thread 0x000001737affda60 DEOPT UNPACKING pc=0x000001730fbf4b22 sp=0x00000043681fd700 mode 0
Event: 1.017 Thread 0x000001737affda60 Uncommon trap: trap_request=0xffffff45 fr.pc=0x000001731014739c relative=0x000000000000017c
Event: 1.017 Thread 0x000001737affda60 Uncommon trap: reason=unstable_if action=reinterpret pc=0x000001731014739c method=java.util.zip.ZipFile$Source.isMetaName([BII)Z @ 57 c2
Event: 1.017 Thread 0x000001737affda60 DEOPT PACKING pc=0x000001731014739c sp=0x00000043681fe380
Event: 1.017 Thread 0x000001737affda60 DEOPT UNPACKING pc=0x000001730fbf4402 sp=0x00000043681fe310 mode 2
Event: 1.040 Thread 0x000001737affda60 Uncommon trap: trap_request=0xffffff45 fr.pc=0x0000017310132edc relative=0x000000000000005c
Event: 1.040 Thread 0x000001737affda60 Uncommon trap: reason=unstable_if action=reinterpret pc=0x0000017310132edc method=java.lang.String.isLatin1()Z @ 10 c2
Event: 1.040 Thread 0x000001737affda60 DEOPT PACKING pc=0x0000017310132edc sp=0x00000043681fe860
Event: 1.040 Thread 0x000001737affda60 DEOPT UNPACKING pc=0x000001730fbf4402 sp=0x00000043681fe7f0 mode 2
Event: 1.040 Thread 0x000001737affda60 Uncommon trap: trap_request=0xffffff45 fr.pc=0x0000017310131d50 relative=0x00000000000000b0
Event: 1.040 Thread 0x000001737affda60 Uncommon trap: reason=unstable_if action=reinterpret pc=0x0000017310131d50 method=java.lang.String.isLatin1()Z @ 10 c2
Event: 1.040 Thread 0x000001737affda60 DEOPT PACKING pc=0x0000017310131d50 sp=0x00000043681ff1d0
Event: 1.040 Thread 0x000001737affda60 DEOPT UNPACKING pc=0x000001730fbf4402 sp=0x00000043681ff110 mode 2
Event: 1.180 Thread 0x000001737affda60 Uncommon trap: trap_request=0xffffff45 fr.pc=0x00000173101478e0 relative=0x0000000000000060
Event: 1.180 Thread 0x000001737affda60 Uncommon trap: reason=unstable_if action=reinterpret pc=0x00000173101478e0 method=java.io.WinNTFileSystem.isSlash(C)Z @ 9 c2
Event: 1.180 Thread 0x000001737affda60 DEOPT PACKING pc=0x00000173101478e0 sp=0x00000043681fe3c0
Event: 1.180 Thread 0x000001737affda60 DEOPT UNPACKING pc=0x000001730fbf4402 sp=0x00000043681fe348 mode 2
Event: 1.188 Thread 0x000001737affda60 DEOPT PACKING pc=0x00000173086a5a06 sp=0x00000043681fcde0
Event: 1.188 Thread 0x000001737affda60 DEOPT UNPACKING pc=0x000001730fbf4b22 sp=0x00000043681fc270 mode 0

Classes loaded (20 events):
Event: 1.174 Loading class java/net/URLConnection
Event: 1.176 Loading class java/net/URLConnection done
Event: 1.176 Loading class java/net/JarURLConnection done
Event: 1.176 Loading class sun/net/www/protocol/jar/JarURLConnection done
Event: 1.176 Loading class sun/net/www/protocol/jar/JarFileFactory
Event: 1.176 Loading class sun/net/www/protocol/jar/URLJarFile$URLJarFileCloseController
Event: 1.176 Loading class sun/net/www/protocol/jar/URLJarFile$URLJarFileCloseController done
Event: 1.177 Loading class sun/net/www/protocol/jar/JarFileFactory done
Event: 1.177 Loading class sun/net/www/protocol/file/FileURLConnection
Event: 1.177 Loading class sun/net/www/URLConnection
Event: 1.178 Loading class sun/net/www/URLConnection done
Event: 1.178 Loading class sun/net/www/protocol/file/FileURLConnection done
Event: 1.178 Loading class sun/net/www/MessageHeader
Event: 1.179 Loading class sun/net/www/MessageHeader done
Event: 1.179 Loading class sun/net/www/protocol/jar/URLJarFile
Event: 1.179 Loading class sun/net/www/protocol/jar/URLJarFile done
Event: 1.180 Loading class sun/net/www/protocol/jar/URLJarFile$URLJarFileEntry
Event: 1.181 Loading class sun/net/www/protocol/jar/URLJarFile$URLJarFileEntry done
Event: 1.181 Loading class sun/net/www/protocol/jar/JarURLConnection$JarURLInputStream
Event: 1.181 Loading class sun/net/www/protocol/jar/JarURLConnection$JarURLInputStream done

Classes unloaded (0 events):
No events

Classes redefined (0 events):
No events

Internal exceptions (2 events):
Event: 1.029 Thread 0x000001737affda60 Exception <a 'java/lang/NoSuchMethodError'{0x0000000088cd2ff8}: 'java.lang.Object java.lang.invoke.Invokers$Holder.invokeExact_MT(java.lang.Object, java.lang.Object, java.lang.Object, java.lang.Object, java.lang.Object)'> (0x0000000088cd2ff8) 
thrown [s\open\src\hotspot\share\interpreter\linkResolver.cpp, line 796]
Event: 1.087 Thread 0x000001735f0dcf70 Exception <a 'java/lang/NoSuchMethodError'{0x0000000088b08ec0}: 'void java.lang.invoke.DirectMethodHandle$Holder.invokeStatic(java.lang.Object, java.lang.Object)'> (0x0000000088b08ec0) 
thrown [s\open\src\hotspot\share\interpreter\linkResolver.cpp, line 796]

VM Operations (10 events):
Event: 0.464 Executing VM operation: HandshakeAllThreads (Deoptimize)
Event: 0.464 Executing VM operation: HandshakeAllThreads (Deoptimize) done
Event: 1.048 Executing VM operation: HandshakeAllThreads (Deoptimize)
Event: 1.060 Executing VM operation: HandshakeAllThreads (Deoptimize) done
Event: 1.062 Executing VM operation: HandshakeAllThreads (Deoptimize)
Event: 1.062 Executing VM operation: HandshakeAllThreads (Deoptimize) done
Event: 1.151 Executing VM operation: HandshakeAllThreads (Deoptimize)
Event: 1.151 Executing VM operation: HandshakeAllThreads (Deoptimize) done
Event: 1.180 Executing VM operation: HandshakeAllThreads (Deoptimize)
Event: 1.180 Executing VM operation: HandshakeAllThreads (Deoptimize) done

Memory protections (0 events):
No events

Nmethod flushes (0 events):
No events

Events (12 events):
Event: 0.119 Thread 0x000001737affda60 Thread added: 0x000001737affda60
Event: 0.180 Thread 0x000001737affda60 Thread added: 0x0000017319810770
Event: 0.180 Thread 0x000001737affda60 Thread added: 0x00000173198123e0
Event: 0.181 Thread 0x000001737affda60 Thread added: 0x0000017319813040
Event: 0.181 Thread 0x000001737affda60 Thread added: 0x0000017319815ab0
Event: 0.181 Thread 0x000001737affda60 Thread added: 0x0000017319816510
Event: 0.181 Thread 0x000001737affda60 Thread added: 0x0000017319816f70
Event: 0.181 Thread 0x000001737affda60 Thread added: 0x0000017319819d10
Event: 0.183 Thread 0x000001737affda60 Thread added: 0x000001731981d580
Event: 0.440 Thread 0x000001737affda60 Thread added: 0x00000173199870d0
Event: 1.038 Thread 0x000001737affda60 Thread added: 0x000001735f0dcf70
Event: 1.039 Thread 0x000001737affda60 Thread added: 0x000001735f0dd5e0


Dynamic libraries:
0x00007ff71b5b0000 - 0x00007ff71b5c0000 	C:\Program Files\Java\jdk-23\bin\java.exe
0x00007ffbf6c30000 - 0x00007ffbf6e28000 	C:\WINDOWS\SYSTEM32\ntdll.dll
0x00007ffbf4dc0000 - 0x00007ffbf4e82000 	C:\WINDOWS\System32\KERNEL32.DLL
0x00007ffbf4640000 - 0x00007ffbf4936000 	C:\WINDOWS\System32\KERNELBASE.dll
0x00007ffbf49f0000 - 0x00007ffbf4af0000 	C:\WINDOWS\System32\ucrtbase.dll
0x00007ffbeeef0000 - 0x00007ffbeef0b000 	C:\Program Files\Java\jdk-23\bin\VCRUNTIME140.dll
0x00007ffbeeed0000 - 0x00007ffbeeee7000 	C:\Program Files\Java\jdk-23\bin\jli.dll
0x00007ffbf4e90000 - 0x00007ffbf5031000 	C:\WINDOWS\System32\USER32.dll
0x00007ffbf49c0000 - 0x00007ffbf49e2000 	C:\WINDOWS\System32\win32u.dll
0x00007ffbf4d90000 - 0x00007ffbf4dbb000 	C:\WINDOWS\System32\GDI32.dll
0x00007ffbe33d0000 - 0x00007ffbe366b000 	C:\WINDOWS\WinSxS\amd64_microsoft.windows.common-controls_6595b64144ccf1df_6.0.19041.6456_none_60b8a6cb71f64256\COMCTL32.dll
0x00007ffbf42c0000 - 0x00007ffbf43d9000 	C:\WINDOWS\System32\gdi32full.dll
0x00007ffbf43e0000 - 0x00007ffbf447d000 	C:\WINDOWS\System32\msvcp_win.dll
0x00007ffbf5060000 - 0x00007ffbf50fe000 	C:\WINDOWS\System32\msvcrt.dll
0x00007ffbf5310000 - 0x00007ffbf533f000 	C:\WINDOWS\System32\IMM32.DLL
0x00007ffbf1880000 - 0x00007ffbf188c000 	C:\Program Files\Java\jdk-23\bin\vcruntime140_1.dll
0x00007ffbeee40000 - 0x00007ffbeeece000 	C:\Program Files\Java\jdk-23\bin\msvcp140.dll
0x00007ffbc51a0000 - 0x00007ffbc5eef000 	C:\Program Files\Java\jdk-23\bin\server\jvm.dll
0x00007ffbf5340000 - 0x00007ffbf53f1000 	C:\WINDOWS\System32\ADVAPI32.dll
0x00007ffbf59d0000 - 0x00007ffbf5a6f000 	C:\WINDOWS\System32\sechost.dll
0x00007ffbf5a70000 - 0x00007ffbf5b90000 	C:\WINDOWS\System32\RPCRT4.dll
0x00007ffbf4480000 - 0x00007ffbf44a7000 	C:\WINDOWS\System32\bcrypt.dll
0x00007ffbf5ba0000 - 0x00007ffbf5c0b000 	C:\WINDOWS\System32\WS2_32.dll
0x00007ffbf37c0000 - 0x00007ffbf380b000 	C:\WINDOWS\SYSTEM32\POWRPROF.dll
0x00007ffbe5f90000 - 0x00007ffbe5fb7000 	C:\WINDOWS\SYSTEM32\WINMM.dll
0x00007ffbec470000 - 0x00007ffbec47a000 	C:\WINDOWS\SYSTEM32\VERSION.dll
0x00007ffbf3680000 - 0x00007ffbf3692000 	C:\WINDOWS\SYSTEM32\UMPDC.dll
0x00007ffbf20f0000 - 0x00007ffbf2102000 	C:\WINDOWS\SYSTEM32\kernel.appcore.dll
0x00007ffbeee30000 - 0x00007ffbeee3a000 	C:\Program Files\Java\jdk-23\bin\jimage.dll
0x00007ffbe5630000 - 0x00007ffbe5831000 	C:\WINDOWS\SYSTEM32\DBGHELP.DLL
0x00007ffbdf0c0000 - 0x00007ffbdf0f4000 	C:\WINDOWS\SYSTEM32\dbgcore.DLL
0x00007ffbf45b0000 - 0x00007ffbf4632000 	C:\WINDOWS\System32\bcryptPrimitives.dll
0x00007ffbeee10000 - 0x00007ffbeee1f000 	C:\Program Files\Java\jdk-23\bin\instrument.dll
0x00007ffbeedf0000 - 0x00007ffbeee0e000 	C:\Program Files\Java\jdk-23\bin\java.dll
0x00007ffbf51d0000 - 0x00007ffbf52fb000 	C:\WINDOWS\System32\ole32.dll
0x00007ffbf5c10000 - 0x00007ffbf5f64000 	C:\WINDOWS\System32\combase.dll
0x00007ffbf5f70000 - 0x00007ffbf66e0000 	C:\WINDOWS\System32\SHELL32.dll
0x00007ffbf22f0000 - 0x00007ffbf2a95000 	C:\WINDOWS\SYSTEM32\windows.storage.dll
0x00007ffbf3c10000 - 0x00007ffbf3c3b000 	C:\WINDOWS\SYSTEM32\Wldp.dll
0x00007ffbf5100000 - 0x00007ffbf51cd000 	C:\WINDOWS\System32\OLEAUT32.dll
0x00007ffbf6800000 - 0x00007ffbf68ad000 	C:\WINDOWS\System32\SHCORE.dll
0x00007ffbf6b90000 - 0x00007ffbf6beb000 	C:\WINDOWS\System32\shlwapi.dll
0x00007ffbf41f0000 - 0x00007ffbf4214000 	C:\WINDOWS\SYSTEM32\profapi.dll
0x00007ffbee7a0000 - 0x00007ffbee877000 	C:\Program Files\Java\jdk-23\bin\jsvml.dll
0x00007ffbeeb50000 - 0x00007ffbeeb67000 	C:\Program Files\Java\jdk-23\bin\zip.dll
0x00007ffbeede0000 - 0x00007ffbeedf0000 	C:\Program Files\Java\jdk-23\bin\net.dll
0x00007ffbf39f0000 - 0x00007ffbf3a5a000 	C:\WINDOWS\system32\mswsock.dll
0x00007ffbeea10000 - 0x00007ffbeea26000 	C:\Program Files\Java\jdk-23\bin\nio.dll
0x00007ffbeed00000 - 0x00007ffbeed09000 	C:\Program Files\Java\jdk-23\bin\extnet.dll
0x00007ffbeea00000 - 0x00007ffbeea10000 	C:\Program Files\Java\jdk-23\bin\verify.dll

dbghelp: loaded successfully - version: 4.0.5 - missing functions: none
symbol engine: initialized successfully - sym options: 0x614 - pdb path: .;C:\Program Files\Java\jdk-23\bin;C:\WINDOWS\SYSTEM32;C:\WINDOWS\WinSxS\amd64_microsoft.windows.common-controls_6595b64144ccf1df_6.0.19041.6456_none_60b8a6cb71f64256;C:\Program Files\Java\jdk-23\bin\server

VM Arguments:
jvm_args: -javaagent:C:\Program Files\JetBrains\IntelliJ IDEA Community Edition 2025.2.1\lib\idea_rt.jar=53272 -Dfile.encoding=UTF-8 -Dsun.stdout.encoding=UTF-8 -Dsun.stderr.encoding=UTF-8 
java_command: com.aws.rds.RdsApplication
java_class_path (initial): C:\Users\Pedro\Downloads\rds\target\classes;C:\Users\Pedro\.m2\repository\org\springframework\boot\spring-boot-starter-web\3.5.6\spring-boot-starter-web-3.5.6.jar;C:\Users\Pedro\.m2\repository\org\springframework\boot\spring-boot-starter\3.5.6\spring-boot-starter-3.5.6.jar;C:\Users\Pedro\.m2\repository\org\springframework\boot\spring-boot\3.5.6\spring-boot-3.5.6.jar;C:\Users\Pedro\.m2\repository\org\springframework\boot\spring-boot-autoconfigure\3.5.6\spring-boot-autoconfigure-3.5.6.jar;C:\Users\Pedro\.m2\repository\org\springframework\boot\spring-boot-starter-logging\3.5.6\spring-boot-starter-logging-3.5.6.jar;C:\Users\Pedro\.m2\repository\ch\qos\logback\logback-classic\1.5.18\logback-classic-1.5.18.jar;C:\Users\Pedro\.m2\repository\ch\qos\logback\logback-core\1.5.18\logback-core-1.5.18.jar;C:\Users\Pedro\.m2\repository\org\apache\logging\log4j\log4j-to-slf4j\2.24.3\log4j-to-slf4j-2.24.3.jar;C:\Users\Pedro\.m2\repository\org\apache\logging\log4j\log4j-api\2.24.3\log4j-api-2.24.3.jar;C:\Users\Pedro\.m2\repository\org\slf4j\jul-to-slf4j\2.0.17\jul-to-slf4j-2.0.17.jar;C:\Users\Pedro\.m2\repository\jakarta\annotation\jakarta.annotation-api\2.1.1\jakarta.annotation-api-2.1.1.jar;C:\Users\Pedro\.m2\repository\org\yaml\snakeyaml\2.4\snakeyaml-2.4.jar;C:\Users\Pedro\.m2\repository\org\springframework\boot\spring-boot-starter-json\3.5.6\spring-boot-starter-json-3.5.6.jar;C:\Users\Pedro\.m2\repository\com\fasterxml\jackson\core\jackson-databind\2.19.2\jackson-databind-2.19.2.jar;C:\Users\Pedro\.m2\repository\com\fasterxml\jackson\core\jackson-annotations\2.19.2\jackson-annotations-2.19.2.jar;C:\Users\Pedro\.m2\repository\com\fasterxml\jackson\core\jackson-core\2.19.2\jackson-core-2.19.2.jar;C:\Users\Pedro\.m2\repository\com\fasterxml\jackson\datatype\jackson-datatype-jdk8\2.19.2\jackson-datatype-jdk8-2.19.2.jar;C:\Users\Pedro\.m2\repository\com\fasterxml\jackson\datatype\jackson-datatype-jsr310\2.19.2\jackson-datatype-jsr310-2.19.2.jar;C:\Users\Pedro\.m2\repository\com\fasterxml\jackson\module\jackson-module-parameter-names\2.19.2\jackson-module-parameter-names-2.19.2.jar;C:\Users\Pedro\.m2\repository\org\springframework\boot\spring-boot-starter-tomcat\3.5.6\spring-boot-starter-tomcat-3.5.6.jar;C:\Users\Pedro\.m2\repository\org\apache\tomcat\embed\tomcat-embed-core\10.1.46\tomcat-embed-core-10.1.46.jar;C:\Users\Pedro\.m2\repository\org\apache\tomcat\embed\tomcat-embed-el\10.1.46\tomcat-embed-el-10.1.46.jar;C:\Users\Pedro\.m2\repository\org\apache\tomcat\embed\tomcat-embed-websocket\10.1.46\tomcat-embed-websocket-10.1.46.jar;C:\Users\Pedro\.m2\repository\org\springframework\spring-web\6.2.11\spring-web-6.2.11.jar;C:\Users\Pedro\.m2\repository\org\springframework\spring-beans\6.2.11\spring-beans-6.2.11.jar;C:\Users\Pedro\.m2\repository\io\micrometer\micrometer-observation\1.15.4\micrometer-observation-1.15.4.jar;C:\Users\Pedro\.m2\repository\io\micrometer\micrometer-commons\1.15.4\micrometer-commons-1.15.4.jar;C:\Users\Pedro\.m2\repository\org\springframework\spring-webmvc\6.2.11\spring-webmvc-6.2.11.jar;C:\Users\Pedro\.m2\repository\org\springframework\spring-aop\6.2.11\spring-aop-6.2.11.jar;C:\Users\Pedro\.m2\repository\org\springframework\spring-context\6.2.11\spring-context-6.2.11.jar;C:\Users\Pedro\.m2\repository\org\springframework\spring-expression\6.2.11\spring-expression-6.2.11.jar;C:\Users\Pedro\.m2\repository\org\springframework\boot\spring-boot-starter-data-jpa\3.5.6\spring-boot-starter-data-jpa-3.5.6.jar;C:\Users\Pedro\.m2\repository\org\springframework\boot\spring-boot-starter-jdbc\3.5.6\spring-boot-starter-jdbc-3.5.6.jar;C:\Users\Pedro\.m2\repository\com\zaxxer\HikariCP\6.3.3\HikariCP-6.3.3.jar;C:\Users\Pedro\.m2\repository\org\springframework\spring-jdbc\6.2.11\spring-jdbc-6.2.11.jar;C:\Users\Pedro\.m2\repository\org\hibernate\orm\hibernate-core\6.6.29.Final\hibernate-core-6.6.29.Final.jar;C:\Users\Pedro\.m2\repository\jakarta\persistence\jakarta.persistence-api\3.1.0\jakarta.persistence-api-3.1.0.jar;C:\Users\Pedro\.m2\repository\jakarta\transaction\jakarta.transaction-api\2.0.1\jakarta.transaction-api-2.0.1.jar;C:\Users\Pedro\.m2\repository\org\jboss\logging\jboss-logging\3.6.1.Final\jboss-logging-3.6.1.Final.jar;C:\Users\Pedro\.m2\repository\org\hibernate\common\hibernate-commons-annotations\7.0.3.Final\hibernate-commons-annotations-7.0.3.Final.jar;C:\Users\Pedro\.m2\repository\io\smallrye\jandex\3.2.0\jandex-3.2.0.jar;C:\Users\Pedro\.m2\repository\com\fasterxml\classmate\1.7.0\classmate-1.7.0.jar;C:\Users\Pedro\.m2\repository\net\bytebuddy\byte-buddy\1.17.7\byte-buddy-1.17.7.jar;C:\Users\Pedro\.m2\repository\org\glassfish\jaxb\jaxb-runtime\4.0.5\jaxb-runtime-4.0.5.jar;C:\Users\Pedro\.m2\repository\org\glassfish\jaxb\jaxb-core\4.0.5\jaxb-core-4.0.5.jar;C:\Users\Pedro\.m2\repository\org\eclipse\angus\angus-activation\2.0.2\angus-activation-2.0.2.jar;C:\Users\Pedro\.m2\repository\org\glassfish\jaxb\txw2\4.0.5\txw2-4.0.5.jar;C:\Users\Pedro\.m2\repository\com\sun\istack\istack-commons-runtime\4.1.2\istack-commons-runtime-4.1.2.jar;C:\Users\Pedro\.m2\repository\jakarta\inject\jakarta.inject-api\2.0.1\jakarta.inject-api-2.0.1.jar;C:\Users\Pedro\.m2\repository\org\antlr\antlr4-runtime\4.13.0\antlr4-runtime-4.13.0.jar;C:\Users\Pedro\.m2\repository\org\springframework\data\spring-data-jpa\3.5.4\spring-data-jpa-3.5.4.jar;C:\Users\Pedro\.m2\repository\org\springframework\data\spring-data-commons\3.5.4\spring-data-commons-3.5.4.jar;C:\Users\Pedro\.m2\repository\org\springframework\spring-orm\6.2.11\spring-orm-6.2.11.jar;C:\Users\Pedro\.m2\repository\org\springframework\spring-tx\6.2.11\spring-tx-6.2.11.jar;C:\Users\Pedro\.m2\repository\org\slf4j\slf4j-api\2.0.17\slf4j-api-2.0.17.jar;C:\Users\Pedro\.m2\repository\org\springframework\spring-aspects\6.2.11\spring-aspects-6.2.11.jar;C:\Users\Pedro\.m2\repository\org\aspectj\aspectjweaver\1.9.24\aspectjweaver-1.9.24.jar;C:\Users\Pedro\.m2\repository\com\mysql\mysql-connector-j\9.4.0\mysql-connector-j-9.4.0.jar;C:\Users\Pedro\.m2\repository\software\amazon\awssdk\rds\2.32.0\rds-2.32.0.jar;C:\Users\Pedro\.m2\repository\software\amazon\awssdk\aws-query-protocol\2.32.0\aws-query-protocol-2.32.0.jar;C:\Users\Pedro\.m2\repository\software\amazon\awssdk\protocol-core\2.32.0\protocol-core-2.32.0.jar;C:\Users\Pedro\.m2\repository\software\amazon\awssdk\http-auth-aws\2.32.0\http-auth-aws-2.32.0.jar;C:\Users\Pedro\.m2\repository\software\amazon\awssdk\checksums-spi\2.32.0\checksums-spi-2.32.0.jar;C:\Users\Pedro\.m2\repository\software\amazon\awssdk\checksums\2.32.0\checksums-2.32.0.jar;C:\Users\Pedro\.m2\repository\software\amazon\awssdk\sdk-core\2.32.0\sdk-core-2.32.0.jar;C:\Users\Pedro\.m2\repository\software\amazon\awssdk\profiles\2.32.0\profiles-2.32.0.jar;C:\Users\Pedro\.m2\repository\software\amazon\awssdk\retries\2.32.0\retries-2.32.0.jar;C:\Users\Pedro\.m2\repository\org\reactivestreams\reactive-streams\1.0.4\reactive-streams-1.0.4.jar;C:\Users\Pedro\.m2\repository\software\amazon\awssdk\auth\2.32.0\auth-2.32.0.jar;C:\Users\Pedro\.m2\repository\software\amazon\awssdk\http-auth-aws-eventstream\2.32.0\http-auth-aws-eventstream-2.32.0.jar;C:\Users\Pedro\.m2\repository\software\amazon\eventstream\eventstream\1.0.1\eventstream-1.0.1.jar;C:\Users\Pedro\.m2\repository\software\amazon\awssdk\http-auth-spi\2.32.0\http-auth-spi-2.32.0.jar;C:\Users\Pedro\.m2\repository\software\amazon\awssdk\http-auth\2.32.0\http-auth-2.32.0.jar;C:\Users\Pedro\.m2\repository\software\amazon\awssdk\identity-spi\2.32.0\identity-spi-2.32.0.jar;C:\Users\Pedro\.m2\repository\software\amazon\awssdk\http-client-spi\2.32.0\http-client-spi-2.32.0.jar;C:\Users\Pedro\.m2\repository\software\amazon\awssdk\regions\2.32.0\regions-2.32.0.jar;C:\Users\Pedro\.m2\repository\software\amazon\awssdk\annotations\2.32.0\annotations-2.32.0.jar;C:\Users\Pedro\.m2\repository\software\amazon\awssdk\utils\2.32.0\utils-2.32.0.jar;C:\Users\Pedro\.m2\repository\software\amazon\awssdk\aws-core\2.32.0\aws-core-2.32.0.jar;C:\Users\Pedro\.m2\repository\software\amazon\awssdk\metrics-spi\2.32.0\metrics-spi-2.32.0.jar;C:\Users\Pedro\.m2\repository\software\amazon\awssdk\json-utils\2.32.0\json-utils-2.32.0.jar;C:\Users\Pedro\.m2\repository\software\amazon\awssdk\third-party-jackson-core\2.32.0\third-party-jackson-core-2.32.0.jar;C:\Users\Pedro\.m2\repository\software\amazon\awssdk\endpoints-spi\2.32.0\endpoints-spi-2.32.0.jar;C:\Users\Pedro\.m2\repository\software\amazon\awssdk\retries-spi\2.32.0\retries-spi-2.32.0.jar;C:\Users\Pedro\.m2\repository\software\amazon\awssdk\apache-client\2.32.0\apache-client-2.32.0.jar;C:\Users\Pedro\.m2\repository\org\apache\httpcomponents\httpclient\4.5.13\httpclient-4.5.13.jar;C:\Users\Pedro\.m2\repository\commons-logging\commons-logging\1.2\commons-logging-1.2.jar;C:\Users\Pedro\.m2\repository\org\apache\httpcomponents\httpcore\4.4.16\httpcore-4.4.16.jar;C:\Users\Pedro\.m2\repository\commons-codec\commons-codec\1.18.0\commons-codec-1.18.0.jar;C:\Users\Pedro\.m2\repository\software\amazon\awssdk\netty-nio-client\2.32.0\netty-nio-client-2.32.0.jar;C:\Users\Pedro\.m2\repository\io\netty\netty-codec-http\4.1.127.Final\netty-codec-http-4.1.127.Final.jar;C:\Users\Pedro\.m2\repository\io\netty\netty-codec-http2\4.1.127.Final\netty-codec-http2-4.1.127.Final.jar;C:\Users\Pedro\.m2\repository\io\netty\netty-codec\4.1.127.Final\netty-codec-4.1.127.Final.jar;C:\Users\Pedro\.m2\repository\io\netty\netty-transport\4.1.127.Final\netty-transport-4.1.127.Final.jar;C:\Users\Pedro\.m2\repository\io\netty\netty-common\4.1.127.Final\netty-common-4.1.127.Final.jar;C:\Users\Pedro\.m2\repository\io\netty\netty-buffer\4.1.127.Final\netty-buffer-4.1.127.Final.jar;C:\Users\Pedro\.m2\repository\io\netty\netty-handler\4.1.127.Final\netty-handler-4.1.127.Final.jar;C:\Users\Pedro\.m2\repository\io\netty\netty-transport-native-unix-common\4.1.127.Final\netty-transport-native-unix-common-4.1.127.Final.jar;C:\Users\Pedro\.m2\repository\io\netty\netty-transport-classes-epoll\4.1.127.Final\netty-transport-classes-epoll-4.1.127.Final.jar;C:\Users\Pedro\.m2\repository\io\netty\netty-resolver\4.1.127.Final\netty-resolver-4.1.127.Final.jar;C:\Users\Pedro\.m2\repository\org\mapstruct\mapstruct\1.6.3\mapstruct-1.6.3.jar;C:\Users\Pedro\.m2\repository\org\projectlombok\lombok\1.18.40\lombok-1.18.40.jar;C:\Users\Pedro\.m2\repository\jakarta\xml\bind\jakarta.xml.bind-api\4.0.2\jakarta.xml.bind-api-4.0.2.jar;C:\Users\Pedro\.m2\repository\jakarta\activation\jakarta.activation-api\2.1.4\jakarta.activation-api-2.1.4.jar;C:\Users\Pedro\.m2\repository\org\springframework\spring-core\6.2.11\spring-core-6.2.11.jar;C:\Users\Pedro\.m2\repository\org\springframework\spring-jcl\6.2.11\spring-jcl-6.2.11.jar
Launcher Type: SUN_STANDARD

[Global flags]
     intx CICompilerCount                          = 3                                         {product} {ergonomic}
     uint ConcGCThreads                            = 1                                         {product} {ergonomic}
     uint G1ConcRefinementThreads                  = 4                                         {product} {ergonomic}
   size_t G1HeapRegionSize                         = 1048576                                   {product} {ergonomic}
   size_t InitialHeapSize                          = 134217728                                 {product} {ergonomic}
   size_t MarkStackSize                            = 4194304                                   {product} {ergonomic}
   size_t MarkStackSizeMax                         = 536870912                                 {product} {ergonomic}
   size_t MaxHeapSize                              = 2126512128                                {product} {ergonomic}
   size_t MaxNewSize                               = 1275068416                                {product} {ergonomic}
   size_t MinHeapDeltaBytes                        = 1048576                                   {product} {ergonomic}
   size_t MinHeapSize                              = 8388608                                   {product} {ergonomic}
    uintx NonNMethodCodeHeapSize                   = 5832704                                {pd product} {ergonomic}
    uintx NonProfiledCodeHeapSize                  = 122945536                              {pd product} {ergonomic}
    uintx ProfiledCodeHeapSize                     = 122880000                              {pd product} {ergonomic}
    uintx ReservedCodeCacheSize                    = 251658240                              {pd product} {ergonomic}
     bool SegmentedCodeCache                       = true                                      {product} {ergonomic}
   size_t SoftMaxHeapSize                          = 2126512128                             {manageable} {ergonomic}
     bool UseCompressedOops                        = true                           {product lp64_product} {ergonomic}
     bool UseG1GC                                  = true                                      {product} {ergonomic}
     bool UseLargePagesIndividualAllocation        = false                                  {pd product} {ergonomic}

Logging:
Log output configuration:
 #0: stdout all=warning uptime,level,tags foldmultilines=false
 #1: stderr all=off uptime,level,tags foldmultilines=false

Environment Variables:
JAVA_HOME=C:\Program Files\Java\jdk-23
PATH=C:\Program Files\Common Files\Oracle\Java\javapath;C:\Program Files\Python312\Scripts\;C:\Program Files\Python312\;C:\WINDOWS\system32;C:\WINDOWS;C:\WINDOWS\System32\Wbem;C:\WINDOWS\System32\WindowsPowerShell\v1.0\;C:\WINDOWS\System32\OpenSSH\;C:\Program Files\Microsoft SQL Server\150\Tools\Binn\;C:\Program Files\Microsoft SQL Server\Client SDK\ODBC\170\Tools\Binn\;C:\Program Files\Git\cmd;C:\Program Files (x86)\NVIDIA Corporation\PhysX\Common;C:\Program Files\dotnet\;C:\xampp\php;C:\ProgramData\ComposerSetup\bin;C:\src\flutter\flutter\bin;C:\Program Files\nodejs\;C:\Program Files\Docker\Docker\resources\bin;C:\Program Files\Amazon\AWSCLIV2\;C:\Users\Pedro\AppData\Local\Microsoft\WindowsApps;C:\Users\Pedro\AppData\Local\Programs\Microsoft VS Code\bin;C:\Users\Pedro\.dotnet\tools;C:\Users\Pedro\AppData\Roaming\Composer\vendor\bin;C:\src\flutter\flutter\bin;C:\Users\Pedro\AppData\Roaming\npm;C:\Program Files\Java\jdk-23\bin;C:\Program Files\JetBrains\IntelliJ IDEA Community Edition 2025.2.1\bin
USERNAME=Pedro
OS=Windows_NT
PROCESSOR_IDENTIFIER=Intel64 Family 6 Model 61 Stepping 4, GenuineIntel
TMP=C:\Users\Pedro\AppData\Local\Temp
TEMP=C:\Users\Pedro\AppData\Local\Temp




Periodic native trim disabled

---------------  S Y S T E M  ---------------

OS:
 Windows 10 , 64 bit Build 19041 (10.0.19041.5915)
OS uptime: 0 days 0:34 hours
Hyper-V role detected

CPU: total 4 (initial active 4) (2 cores per cpu, 2 threads per core) family 6 model 61 stepping 4 microcode 0x2d, cx8, cmov, fxsr, ht, mmx, 3dnowpref, sse, sse2, sse3, ssse3, sse4.1, sse4.2, popcnt, lzcnt, tsc, tscinvbit, avx, avx2, aes, erms, clmul, bmi1, bmi2, adx, fma, vzeroupper, clflush, hv, rdtscp, f16c
Processor Information for the first 4 processors :
  Max Mhz: 2201, Current Mhz: 2200, Mhz Limit: 2178

Memory: 4k page, system-wide physical 8107M (401M free)
TotalPageFile size 12694M (AvailPageFile size 3M)
current process WorkingSet (physical memory assigned to process): 53M, peak: 53M
current process commit charge ("private bytes"): 209M, peak: 209M

vm_info: Java HotSpot(TM) 64-Bit Server VM (23.0.1+11-39) for windows-amd64 JRE (23.0.1+11-39), built on 2024-09-30T07:20:43Z with MS VC++ 17.6 (VS2022)

END.
